Flutter crash report.
Please report a bug at https://github.com/flutter/flutter/issues.

## command

flutter run --machine --target lib/main.dart -d emulator-5554 --dart-define=flutter.inspector.structuredErrors=true --start-paused --web-server-debug-protocol ws --web-server-debug-backend-protocol ws --web-allow-expose-url --devtools-server-address http://127.0.0.1:9100/ --devtools-server-address http://127.0.0.1:9100/

## exception

SentinelException: [Sentinel kind: Collected, valueAsString: <collected>] from getIsolate()

```
```

## flutter doctor

```
[✓] Flutter (Channel master, 2.1.0-13.0.pre.147, on Linux, locale pt_BR.UTF-8)
    • Flutter version 2.1.0-13.0.pre.147 at /home/vinicius/snap/flutter/common/flutter
    • Framework revision e6f2bc8637 (4 days ago), 2021-03-17 22:40:04 +0100
    • Engine revision a44f6ee5fe
    • Dart version 2.13.0 (build 2.13.0-147.0.dev)

[✓] Android toolchain - develop for Android devices (Android SDK version 30.0.2)
    • Android SDK at /home/vinicius/Android/Sdk
    • Platform android-30, build-tools 30.0.2
    • Java binary at: /opt/android-studio-4.1/android-studio/jre/bin/java
    • Java version OpenJDK Runtime Environment (build 1.8.0_242-release-1644-b3-6222593)
    • All Android licenses accepted.

[✓] Chrome - develop for the web
    • Chrome at google-chrome

[✓] Android Studio (version 4.1)
    • Android Studio at /opt/android-studio-4.1/android-studio
    • Flutter plugin version 51.0.2
    • Dart plugin version 201.9245
    • Java version OpenJDK Runtime Environment (build 1.8.0_242-release-1644-b3-6222593)

[!] Android Studio
    • Android Studio at /opt/android-studio/
    • Flutter plugin can be installed from:
      🔨 https://plugins.jetbrains.com/plugin/9212-flutter
    • Dart plugin can be installed from:
      🔨 https://plugins.jetbrains.com/plugin/6351-dart
    ✗ android-studio-dir = /opt/android-studio/
    ✗ Android Studio not found at /opt/android-studio/
    • Try updating or re-installing Android Studio.
    • Consider removing your android-studio-dir setting by running:
      flutter config --android-studio-dir=

[✓] Connected device (2 available)
    • Android SDK built for x86 64 (mobile) • emulator-5554 • android-x64    • Android 10 (API 29) (emulator)
    • Chrome (web)                          • chrome        • web-javascript • Google Chrome 89.0.4389.90

! Doctor found issues in 1 category.
```
